[0.876s] Invoking command in '/home/neolux/Desktop/neo_qrcode/qrc_skandier': PYTHONPATH=/home/neolux/Desktop/neo_qrcode/build/qrc_skandier/prefix_override:/usr/lib/python3/dist-packages/colcon_core/task/python/colcon_distutils_commands:/home/neolux/Desktop/neo_qrcode/install/qrc_skandier/lib/python3.10/site-packages:${PYTHONPATH} /usr/bin/python3 -W ignore:setup.py install is deprecated setup.py egg_info --egg-base ../build/qrc_skandier build --build-base /home/neolux/Desktop/neo_qrcode/build/qrc_skandier/build install --record /home/neolux/Desktop/neo_qrcode/build/qrc_skandier/install.log --single-version-externally-managed install_data
[1.127s] running egg_info
[1.128s] creating ../build/qrc_skandier/qrc_skandier.egg-info
[1.128s] writing ../build/qrc_skandier/qrc_skandier.egg-info/PKG-INFO
[1.128s] writing dependency_links to ../build/qrc_skandier/qrc_skandier.egg-info/dependency_links.txt
[1.128s] writing entry points to ../build/qrc_skandier/qrc_skandier.egg-info/entry_points.txt
[1.128s] writing requirements to ../build/qrc_skandier/qrc_skandier.egg-info/requires.txt
[1.129s] writing top-level names to ../build/qrc_skandier/qrc_skandier.egg-info/top_level.txt
[1.129s] writing manifest file '../build/qrc_skandier/qrc_skandier.egg-info/SOURCES.txt'
[1.131s] reading manifest file '../build/qrc_skandier/qrc_skandier.egg-info/SOURCES.txt'
[1.132s] writing manifest file '../build/qrc_skandier/qrc_skandier.egg-info/SOURCES.txt'
[1.133s] running build
[1.133s] running build_py
[1.133s] creating /home/neolux/Desktop/neo_qrcode/build/qrc_skandier/build
[1.133s] creating /home/neolux/Desktop/neo_qrcode/build/qrc_skandier/build/lib
[1.133s] creating /home/neolux/Desktop/neo_qrcode/build/qrc_skandier/build/lib/qrc_skandier
[1.133s] copying qrc_skandier/__init__.py -> /home/neolux/Desktop/neo_qrcode/build/qrc_skandier/build/lib/qrc_skandier
[1.133s] copying qrc_skandier/qrc_cam.py -> /home/neolux/Desktop/neo_qrcode/build/qrc_skandier/build/lib/qrc_skandier
[1.133s] copying qrc_skandier/threCam.py -> /home/neolux/Desktop/neo_qrcode/build/qrc_skandier/build/lib/qrc_skandier
[1.134s] copying qrc_skandier/qrc_scanner.py -> /home/neolux/Desktop/neo_qrcode/build/qrc_skandier/build/lib/qrc_skandier
[1.134s] running install
[1.134s] running install_lib
[1.135s] creating /home/neolux/Desktop/neo_qrcode/install/qrc_skandier/lib/python3.10/site-packages/qrc_skandier
[1.135s] copying /home/neolux/Desktop/neo_qrcode/build/qrc_skandier/build/lib/qrc_skandier/__init__.py -> /home/neolux/Desktop/neo_qrcode/install/qrc_skandier/lib/python3.10/site-packages/qrc_skandier
[1.135s] copying /home/neolux/Desktop/neo_qrcode/build/qrc_skandier/build/lib/qrc_skandier/qrc_cam.py -> /home/neolux/Desktop/neo_qrcode/install/qrc_skandier/lib/python3.10/site-packages/qrc_skandier
[1.136s] copying /home/neolux/Desktop/neo_qrcode/build/qrc_skandier/build/lib/qrc_skandier/threCam.py -> /home/neolux/Desktop/neo_qrcode/install/qrc_skandier/lib/python3.10/site-packages/qrc_skandier
[1.136s] copying /home/neolux/Desktop/neo_qrcode/build/qrc_skandier/build/lib/qrc_skandier/qrc_scanner.py -> /home/neolux/Desktop/neo_qrcode/install/qrc_skandier/lib/python3.10/site-packages/qrc_skandier
[1.136s] byte-compiling /home/neolux/Desktop/neo_qrcode/install/qrc_skandier/lib/python3.10/site-packages/qrc_skandier/__init__.py to __init__.cpython-310.pyc
[1.136s] byte-compiling /home/neolux/Desktop/neo_qrcode/install/qrc_skandier/lib/python3.10/site-packages/qrc_skandier/qrc_cam.py to qrc_cam.cpython-310.pyc
[1.137s] byte-compiling /home/neolux/Desktop/neo_qrcode/install/qrc_skandier/lib/python3.10/site-packages/qrc_skandier/threCam.py to threCam.cpython-310.pyc
[1.138s] byte-compiling /home/neolux/Desktop/neo_qrcode/install/qrc_skandier/lib/python3.10/site-packages/qrc_skandier/qrc_scanner.py to qrc_scanner.cpython-310.pyc
[1.139s] running install_data
[1.139s] creating /home/neolux/Desktop/neo_qrcode/install/qrc_skandier/share/ament_index
[1.140s] creating /home/neolux/Desktop/neo_qrcode/install/qrc_skandier/share/ament_index/resource_index
[1.140s] creating /home/neolux/Desktop/neo_qrcode/install/qrc_skandier/share/ament_index/resource_index/packages
[1.140s] copying resource/qrc_skandier -> /home/neolux/Desktop/neo_qrcode/install/qrc_skandier/share/ament_index/resource_index/packages
[1.140s] copying package.xml -> /home/neolux/Desktop/neo_qrcode/install/qrc_skandier/share/qrc_skandier
[1.140s] running install_egg_info
[1.142s] Copying ../build/qrc_skandier/qrc_skandier.egg-info to /home/neolux/Desktop/neo_qrcode/install/qrc_skandier/lib/python3.10/site-packages/qrc_skandier-0.0.0-py3.10.egg-info
[1.144s] running install_scripts
[1.166s] writing list of installed files to '/home/neolux/Desktop/neo_qrcode/build/qrc_skandier/install.log'
[1.186s] Invoked command in '/home/neolux/Desktop/neo_qrcode/qrc_skandier' returned '0': PYTHONPATH=/home/neolux/Desktop/neo_qrcode/build/qrc_skandier/prefix_override:/usr/lib/python3/dist-packages/colcon_core/task/python/colcon_distutils_commands:/home/neolux/Desktop/neo_qrcode/install/qrc_skandier/lib/python3.10/site-packages:${PYTHONPATH} /usr/bin/python3 -W ignore:setup.py install is deprecated setup.py egg_info --egg-base ../build/qrc_skandier build --build-base /home/neolux/Desktop/neo_qrcode/build/qrc_skandier/build install --record /home/neolux/Desktop/neo_qrcode/build/qrc_skandier/install.log --single-version-externally-managed install_data
