/home/neolux/Desktop/neo_qrcode/install/qrc_skandier/lib/python3.10/site-packages/qrc_skandier/__init__.py
/home/neolux/Desktop/neo_qrcode/install/qrc_skandier/lib/python3.10/site-packages/qrc_skandier/qrc_cam.py
/home/neolux/Desktop/neo_qrcode/install/qrc_skandier/lib/python3.10/site-packages/qrc_skandier/qrc_scanner.py
/home/neolux/Desktop/neo_qrcode/install/qrc_skandier/lib/python3.10/site-packages/utils/neo_img_trans.py
/home/neolux/Desktop/neo_qrcode/install/qrc_skandier/lib/python3.10/site-packages/utils/__init__.py
/home/neolux/Desktop/neo_qrcode/install/qrc_skandier/lib/python3.10/site-packages/utils/threCam.py
/home/neolux/Desktop/neo_qrcode/install/qrc_skandier/lib/python3.10/site-packages/qrc_skandier/__pycache__/__init__.cpython-310.pyc
/home/neolux/Desktop/neo_qrcode/install/qrc_skandier/lib/python3.10/site-packages/qrc_skandier/__pycache__/qrc_cam.cpython-310.pyc
/home/neolux/Desktop/neo_qrcode/install/qrc_skandier/lib/python3.10/site-packages/qrc_skandier/__pycache__/qrc_scanner.cpython-310.pyc
/home/neolux/Desktop/neo_qrcode/install/qrc_skandier/lib/python3.10/site-packages/utils/__pycache__/neo_img_trans.cpython-310.pyc
/home/neolux/Desktop/neo_qrcode/install/qrc_skandier/lib/python3.10/site-packages/utils/__pycache__/__init__.cpython-310.pyc
/home/neolux/Desktop/neo_qrcode/install/qrc_skandier/lib/python3.10/site-packages/utils/__pycache__/threCam.cpython-310.pyc
/home/neolux/Desktop/neo_qrcode/install/qrc_skandier/share/ament_index/resource_index/packages/qrc_skandier
/home/neolux/Desktop/neo_qrcode/install/qrc_skandier/share/qrc_skandier/package.xml
/home/neolux/Desktop/neo_qrcode/install/qrc_skandier/share/qrc_skandier/launch/qrc_skandier.launch.py
/home/neolux/Desktop/neo_qrcode/install/qrc_skandier/lib/python3.10/site-packages/qrc_skandier-0.0.0-py3.10.egg-info/PKG-INFO
/home/neolux/Desktop/neo_qrcode/install/qrc_skandier/lib/python3.10/site-packages/qrc_skandier-0.0.0-py3.10.egg-info/zip-safe
/home/neolux/Desktop/neo_qrcode/install/qrc_skandier/lib/python3.10/site-packages/qrc_skandier-0.0.0-py3.10.egg-info/dependency_links.txt
/home/neolux/Desktop/neo_qrcode/install/qrc_skandier/lib/python3.10/site-packages/qrc_skandier-0.0.0-py3.10.egg-info/entry_points.txt
/home/neolux/Desktop/neo_qrcode/install/qrc_skandier/lib/python3.10/site-packages/qrc_skandier-0.0.0-py3.10.egg-info/requires.txt
/home/neolux/Desktop/neo_qrcode/install/qrc_skandier/lib/python3.10/site-packages/qrc_skandier-0.0.0-py3.10.egg-info/top_level.txt
/home/neolux/Desktop/neo_qrcode/install/qrc_skandier/lib/python3.10/site-packages/qrc_skandier-0.0.0-py3.10.egg-info/SOURCES.txt
/home/neolux/Desktop/neo_qrcode/install/qrc_skandier/lib/qrc_skandier/qrc_cam
/home/neolux/Desktop/neo_qrcode/install/qrc_skandier/lib/qrc_skandier/qrc_scanner
