[0.684s] Invoking command in '/home/neolux/Desktop/neo_qrcode/qrc_skandier': PYTHONPATH=/home/neolux/Desktop/neo_qrcode/build/qrc_skandier/prefix_override:/usr/lib/python3/dist-packages/colcon_core/task/python/colcon_distutils_commands:/home/neolux/Desktop/neo_qrcode/install/qrc_skandier/lib/python3.10/site-packages:${PYTHONPATH} /usr/bin/python3 -W ignore:setup.py install is deprecated setup.py egg_info --egg-base ../build/qrc_skandier build --build-base /home/neolux/Desktop/neo_qrcode/build/qrc_skandier/build install --record /home/neolux/Desktop/neo_qrcode/build/qrc_skandier/install.log --single-version-externally-managed install_data
[0.929s] running egg_info
[0.930s] writing ../build/qrc_skandier/qrc_skandier.egg-info/PKG-INFO
[0.930s] writing dependency_links to ../build/qrc_skandier/qrc_skandier.egg-info/dependency_links.txt
[0.930s] writing entry points to ../build/qrc_skandier/qrc_skandier.egg-info/entry_points.txt
[0.930s] writing requirements to ../build/qrc_skandier/qrc_skandier.egg-info/requires.txt
[0.931s] writing top-level names to ../build/qrc_skandier/qrc_skandier.egg-info/top_level.txt
[0.932s] reading manifest file '../build/qrc_skandier/qrc_skandier.egg-info/SOURCES.txt'
[0.933s] writing manifest file '../build/qrc_skandier/qrc_skandier.egg-info/SOURCES.txt'
[0.933s] running build
[0.934s] running build_py
[0.934s] copying qrc_skandier/qrc_cam.py -> /home/neolux/Desktop/neo_qrcode/build/qrc_skandier/build/lib/qrc_skandier
[0.934s] copying qrc_skandier/qrc_scanner.py -> /home/neolux/Desktop/neo_qrcode/build/qrc_skandier/build/lib/qrc_skandier
[0.934s] creating /home/neolux/Desktop/neo_qrcode/build/qrc_skandier/build/lib/utils
[0.934s] copying utils/neo_img_trans.py -> /home/neolux/Desktop/neo_qrcode/build/qrc_skandier/build/lib/utils
[0.934s] copying utils/__init__.py -> /home/neolux/Desktop/neo_qrcode/build/qrc_skandier/build/lib/utils
[0.934s] running install
[0.935s] running install_lib
[0.935s] copying /home/neolux/Desktop/neo_qrcode/build/qrc_skandier/build/lib/qrc_skandier/qrc_cam.py -> /home/neolux/Desktop/neo_qrcode/install/qrc_skandier/lib/python3.10/site-packages/qrc_skandier
[0.935s] copying /home/neolux/Desktop/neo_qrcode/build/qrc_skandier/build/lib/qrc_skandier/qrc_scanner.py -> /home/neolux/Desktop/neo_qrcode/install/qrc_skandier/lib/python3.10/site-packages/qrc_skandier
[0.936s] creating /home/neolux/Desktop/neo_qrcode/install/qrc_skandier/lib/python3.10/site-packages/utils
[0.936s] copying /home/neolux/Desktop/neo_qrcode/build/qrc_skandier/build/lib/utils/neo_img_trans.py -> /home/neolux/Desktop/neo_qrcode/install/qrc_skandier/lib/python3.10/site-packages/utils
[0.936s] copying /home/neolux/Desktop/neo_qrcode/build/qrc_skandier/build/lib/utils/__init__.py -> /home/neolux/Desktop/neo_qrcode/install/qrc_skandier/lib/python3.10/site-packages/utils
[0.936s] byte-compiling /home/neolux/Desktop/neo_qrcode/install/qrc_skandier/lib/python3.10/site-packages/qrc_skandier/qrc_cam.py to qrc_cam.cpython-310.pyc
[0.937s] byte-compiling /home/neolux/Desktop/neo_qrcode/install/qrc_skandier/lib/python3.10/site-packages/qrc_skandier/qrc_scanner.py to qrc_scanner.cpython-310.pyc
[0.938s] byte-compiling /home/neolux/Desktop/neo_qrcode/install/qrc_skandier/lib/python3.10/site-packages/utils/neo_img_trans.py to neo_img_trans.cpython-310.pyc
[0.938s] byte-compiling /home/neolux/Desktop/neo_qrcode/install/qrc_skandier/lib/python3.10/site-packages/utils/__init__.py to __init__.cpython-310.pyc
[0.938s] running install_data
[0.938s] running install_egg_info
[0.940s] removing '/home/neolux/Desktop/neo_qrcode/install/qrc_skandier/lib/python3.10/site-packages/qrc_skandier-0.0.0-py3.10.egg-info' (and everything under it)
[0.940s] Copying ../build/qrc_skandier/qrc_skandier.egg-info to /home/neolux/Desktop/neo_qrcode/install/qrc_skandier/lib/python3.10/site-packages/qrc_skandier-0.0.0-py3.10.egg-info
[0.941s] running install_scripts
[0.960s] writing list of installed files to '/home/neolux/Desktop/neo_qrcode/build/qrc_skandier/install.log'
[0.979s] Invoked command in '/home/neolux/Desktop/neo_qrcode/qrc_skandier' returned '0': PYTHONPATH=/home/neolux/Desktop/neo_qrcode/build/qrc_skandier/prefix_override:/usr/lib/python3/dist-packages/colcon_core/task/python/colcon_distutils_commands:/home/neolux/Desktop/neo_qrcode/install/qrc_skandier/lib/python3.10/site-packages:${PYTHONPATH} /usr/bin/python3 -W ignore:setup.py install is deprecated setup.py egg_info --egg-base ../build/qrc_skandier build --build-base /home/neolux/Desktop/neo_qrcode/build/qrc_skandier/build install --record /home/neolux/Desktop/neo_qrcode/build/qrc_skandier/install.log --single-version-externally-managed install_data
