[0.743s] Invoking command in '/home/neolux/Desktop/neo_qrcode/qrc_skandier': PYTHONPATH=/home/neolux/Desktop/neo_qrcode/build/qrc_skandier/prefix_override:/usr/lib/python3/dist-packages/colcon_core/task/python/colcon_distutils_commands:/home/neolux/Desktop/neo_qrcode/install/qrc_skandier/lib/python3.10/site-packages:${PYTHONPATH} /usr/bin/python3 -W ignore:setup.py install is deprecated setup.py egg_info --egg-base ../build/qrc_skandier build --build-base /home/neolux/Desktop/neo_qrcode/build/qrc_skandier/build install --record /home/neolux/Desktop/neo_qrcode/build/qrc_skandier/install.log --single-version-externally-managed install_data
[0.974s] running egg_info
[0.974s] writing ../build/qrc_skandier/qrc_skandier.egg-info/PKG-INFO
[0.975s] writing dependency_links to ../build/qrc_skandier/qrc_skandier.egg-info/dependency_links.txt
[0.975s] writing entry points to ../build/qrc_skandier/qrc_skandier.egg-info/entry_points.txt
[0.975s] writing requirements to ../build/qrc_skandier/qrc_skandier.egg-info/requires.txt
[0.975s] writing top-level names to ../build/qrc_skandier/qrc_skandier.egg-info/top_level.txt
[0.977s] reading manifest file '../build/qrc_skandier/qrc_skandier.egg-info/SOURCES.txt'
[0.977s] writing manifest file '../build/qrc_skandier/qrc_skandier.egg-info/SOURCES.txt'
[0.977s] running build
[0.977s] running build_py
[0.978s] running install
[0.978s] running install_lib
[0.979s] running install_data
[0.979s] running install_egg_info
[0.980s] removing '/home/neolux/Desktop/neo_qrcode/install/qrc_skandier/lib/python3.10/site-packages/qrc_skandier-0.0.0-py3.10.egg-info' (and everything under it)
[0.981s] Copying ../build/qrc_skandier/qrc_skandier.egg-info to /home/neolux/Desktop/neo_qrcode/install/qrc_skandier/lib/python3.10/site-packages/qrc_skandier-0.0.0-py3.10.egg-info
[0.981s] running install_scripts
[0.998s] writing list of installed files to '/home/neolux/Desktop/neo_qrcode/build/qrc_skandier/install.log'
[1.019s] Invoked command in '/home/neolux/Desktop/neo_qrcode/qrc_skandier' returned '0': PYTHONPATH=/home/neolux/Desktop/neo_qrcode/build/qrc_skandier/prefix_override:/usr/lib/python3/dist-packages/colcon_core/task/python/colcon_distutils_commands:/home/neolux/Desktop/neo_qrcode/install/qrc_skandier/lib/python3.10/site-packages:${PYTHONPATH} /usr/bin/python3 -W ignore:setup.py install is deprecated setup.py egg_info --egg-base ../build/qrc_skandier build --build-base /home/neolux/Desktop/neo_qrcode/build/qrc_skandier/build install --record /home/neolux/Desktop/neo_qrcode/build/qrc_skandier/install.log --single-version-externally-managed install_data
