[0.685s] Invoking command in '/home/neolux/Desktop/neo_qrcode/qrc_skandier': PYTHONPATH=/home/neolux/Desktop/neo_qrcode/build/qrc_skandier/prefix_override:/usr/lib/python3/dist-packages/colcon_core/task/python/colcon_distutils_commands:/home/neolux/Desktop/neo_qrcode/install/qrc_skandier/lib/python3.10/site-packages:${PYTHONPATH} /usr/bin/python3 -W ignore:setup.py install is deprecated setup.py egg_info --egg-base ../build/qrc_skandier build --build-base /home/neolux/Desktop/neo_qrcode/build/qrc_skandier/build install --record /home/neolux/Desktop/neo_qrcode/build/qrc_skandier/install.log --single-version-externally-managed install_data
[0.933s] running egg_info
[0.933s] creating ../build/qrc_skandier/qrc_skandier.egg-info
[0.933s] writing ../build/qrc_skandier/qrc_skandier.egg-info/PKG-INFO
[0.933s] writing dependency_links to ../build/qrc_skandier/qrc_skandier.egg-info/dependency_links.txt
[0.933s] writing entry points to ../build/qrc_skandier/qrc_skandier.egg-info/entry_points.txt
[0.934s] writing requirements to ../build/qrc_skandier/qrc_skandier.egg-info/requires.txt
[0.934s] writing top-level names to ../build/qrc_skandier/qrc_skandier.egg-info/top_level.txt
[0.934s] writing manifest file '../build/qrc_skandier/qrc_skandier.egg-info/SOURCES.txt'
[0.936s] reading manifest file '../build/qrc_skandier/qrc_skandier.egg-info/SOURCES.txt'
[0.936s] writing manifest file '../build/qrc_skandier/qrc_skandier.egg-info/SOURCES.txt'
[0.936s] running build
[0.937s] running build_py
[0.937s] creating /home/neolux/Desktop/neo_qrcode/build/qrc_skandier/build
[0.937s] creating /home/neolux/Desktop/neo_qrcode/build/qrc_skandier/build/lib
[0.937s] creating /home/neolux/Desktop/neo_qrcode/build/qrc_skandier/build/lib/qrc_skandier
[0.937s] copying qrc_skandier/__init__.py -> /home/neolux/Desktop/neo_qrcode/build/qrc_skandier/build/lib/qrc_skandier
[0.937s] copying qrc_skandier/qrc_cam.py -> /home/neolux/Desktop/neo_qrcode/build/qrc_skandier/build/lib/qrc_skandier
[0.938s] copying qrc_skandier/qrc_scanner.py -> /home/neolux/Desktop/neo_qrcode/build/qrc_skandier/build/lib/qrc_skandier
[0.938s] creating /home/neolux/Desktop/neo_qrcode/build/qrc_skandier/build/lib/utils
[0.938s] copying utils/neo_img_trans.py -> /home/neolux/Desktop/neo_qrcode/build/qrc_skandier/build/lib/utils
[0.938s] copying utils/__init__.py -> /home/neolux/Desktop/neo_qrcode/build/qrc_skandier/build/lib/utils
[0.938s] copying utils/threCam.py -> /home/neolux/Desktop/neo_qrcode/build/qrc_skandier/build/lib/utils
[0.938s] running install
[0.938s] running install_lib
[0.939s] creating /home/neolux/Desktop/neo_qrcode/install/qrc_skandier/lib/python3.10/site-packages/qrc_skandier
[0.939s] copying /home/neolux/Desktop/neo_qrcode/build/qrc_skandier/build/lib/qrc_skandier/__init__.py -> /home/neolux/Desktop/neo_qrcode/install/qrc_skandier/lib/python3.10/site-packages/qrc_skandier
[0.939s] copying /home/neolux/Desktop/neo_qrcode/build/qrc_skandier/build/lib/qrc_skandier/qrc_cam.py -> /home/neolux/Desktop/neo_qrcode/install/qrc_skandier/lib/python3.10/site-packages/qrc_skandier
[0.939s] copying /home/neolux/Desktop/neo_qrcode/build/qrc_skandier/build/lib/qrc_skandier/qrc_scanner.py -> /home/neolux/Desktop/neo_qrcode/install/qrc_skandier/lib/python3.10/site-packages/qrc_skandier
[0.939s] creating /home/neolux/Desktop/neo_qrcode/install/qrc_skandier/lib/python3.10/site-packages/utils
[0.939s] copying /home/neolux/Desktop/neo_qrcode/build/qrc_skandier/build/lib/utils/neo_img_trans.py -> /home/neolux/Desktop/neo_qrcode/install/qrc_skandier/lib/python3.10/site-packages/utils
[0.939s] copying /home/neolux/Desktop/neo_qrcode/build/qrc_skandier/build/lib/utils/__init__.py -> /home/neolux/Desktop/neo_qrcode/install/qrc_skandier/lib/python3.10/site-packages/utils
[0.940s] copying /home/neolux/Desktop/neo_qrcode/build/qrc_skandier/build/lib/utils/threCam.py -> /home/neolux/Desktop/neo_qrcode/install/qrc_skandier/lib/python3.10/site-packages/utils
[0.940s] byte-compiling /home/neolux/Desktop/neo_qrcode/install/qrc_skandier/lib/python3.10/site-packages/qrc_skandier/__init__.py to __init__.cpython-310.pyc
[0.940s] byte-compiling /home/neolux/Desktop/neo_qrcode/install/qrc_skandier/lib/python3.10/site-packages/qrc_skandier/qrc_cam.py to qrc_cam.cpython-310.pyc
[0.941s] byte-compiling /home/neolux/Desktop/neo_qrcode/install/qrc_skandier/lib/python3.10/site-packages/qrc_skandier/qrc_scanner.py to qrc_scanner.cpython-310.pyc
[0.942s] byte-compiling /home/neolux/Desktop/neo_qrcode/install/qrc_skandier/lib/python3.10/site-packages/utils/neo_img_trans.py to neo_img_trans.cpython-310.pyc
[0.942s] byte-compiling /home/neolux/Desktop/neo_qrcode/install/qrc_skandier/lib/python3.10/site-packages/utils/__init__.py to __init__.cpython-310.pyc
[0.942s] byte-compiling /home/neolux/Desktop/neo_qrcode/install/qrc_skandier/lib/python3.10/site-packages/utils/threCam.py to threCam.cpython-310.pyc
[0.943s] running install_data
[0.944s] creating /home/neolux/Desktop/neo_qrcode/install/qrc_skandier/share/ament_index
[0.944s] creating /home/neolux/Desktop/neo_qrcode/install/qrc_skandier/share/ament_index/resource_index
[0.944s] creating /home/neolux/Desktop/neo_qrcode/install/qrc_skandier/share/ament_index/resource_index/packages
[0.944s] copying resource/qrc_skandier -> /home/neolux/Desktop/neo_qrcode/install/qrc_skandier/share/ament_index/resource_index/packages
[0.944s] copying package.xml -> /home/neolux/Desktop/neo_qrcode/install/qrc_skandier/share/qrc_skandier
[0.944s] running install_egg_info
[0.946s] Copying ../build/qrc_skandier/qrc_skandier.egg-info to /home/neolux/Desktop/neo_qrcode/install/qrc_skandier/lib/python3.10/site-packages/qrc_skandier-0.0.0-py3.10.egg-info
[0.947s] running install_scripts
[0.966s] Installing qrc_cam script to /home/neolux/Desktop/neo_qrcode/install/qrc_skandier/lib/qrc_skandier
[0.966s] Installing qrc_scanner script to /home/neolux/Desktop/neo_qrcode/install/qrc_skandier/lib/qrc_skandier
[0.967s] writing list of installed files to '/home/neolux/Desktop/neo_qrcode/build/qrc_skandier/install.log'
[0.988s] Invoked command in '/home/neolux/Desktop/neo_qrcode/qrc_skandier' returned '0': PYTHONPATH=/home/neolux/Desktop/neo_qrcode/build/qrc_skandier/prefix_override:/usr/lib/python3/dist-packages/colcon_core/task/python/colcon_distutils_commands:/home/neolux/Desktop/neo_qrcode/install/qrc_skandier/lib/python3.10/site-packages:${PYTHONPATH} /usr/bin/python3 -W ignore:setup.py install is deprecated setup.py egg_info --egg-base ../build/qrc_skandier build --build-base /home/neolux/Desktop/neo_qrcode/build/qrc_skandier/build install --record /home/neolux/Desktop/neo_qrcode/build/qrc_skandier/install.log --single-version-externally-managed install_data
