[0.103s] DEBUG:colcon:Command line arguments: ['/usr/bin/colcon', 'build']
[0.103s] DEBUG:colcon:Parsed command line arguments: Namespace(log_base=None, log_level=None, verb_name='build', build_base='build', install_base='install', merge_install=False, symlink_install=False, test_result_base=None, continue_on_error=False, executor='parallel', parallel_workers=12, event_handlers=None, ignore_user_meta=False, metas=['./colcon.meta'], base_paths=['.'], packages_ignore=None, packages_ignore_regex=None, paths=None, packages_up_to=None, packages_up_to_regex=None, packages_above=None, packages_above_and_dependencies=None, packages_above_depth=None, packages_select_by_dep=None, packages_skip_by_dep=None, packages_skip_up_to=None, packages_select_build_failed=False, packages_skip_build_finished=False, packages_select_test_failures=False, packages_skip_test_passed=False, packages_select=None, packages_skip=None, packages_select_regex=None, packages_skip_regex=None, packages_start=None, packages_end=None, allow_overriding=[], cmake_args=None, cmake_target=None, cmake_target_skip_unavailable=False, cmake_clean_cache=False, cmake_clean_first=False, cmake_force_configure=False, ament_cmake_args=None, catkin_cmake_args=None, catkin_skip_building_tests=False, verb_parser=<colcon_defaults.argument_parser.defaults.DefaultArgumentsDecorator object at 0x77acddbe47f0>, verb_extension=<colcon_core.verb.build.BuildVerb object at 0x77acddbe43a0>, main=<bound method BuildVerb.main of <colcon_core.verb.build.BuildVerb object at 0x77acddbe43a0>>)
[0.326s] Level 1:colcon.colcon_core.package_discovery:discover_packages(colcon_meta) check parameters
[0.326s] Level 1:colcon.colcon_core.package_discovery:discover_packages(recursive) check parameters
[0.326s] Level 1:colcon.colcon_core.package_discovery:discover_packages(ignore) check parameters
[0.326s] Level 1:colcon.colcon_core.package_discovery:discover_packages(path) check parameters
[0.326s] Level 1:colcon.colcon_core.package_discovery:discover_packages(colcon_meta) discover
[0.326s] Level 1:colcon.colcon_core.package_discovery:discover_packages(recursive) discover
[0.326s] INFO:colcon.colcon_core.package_discovery:Crawling recursively for packages in '/home/neolux/Desktop/neo_qrcode'
[0.326s] Level 1:colcon.colcon_core.package_identification:_identify(.) by extensions ['ignore', 'ignore_ament_install']
[0.326s] Level 1:colcon.colcon_core.package_identification:_identify(.) by extension 'ignore'
[0.326s] Level 1:colcon.colcon_core.package_identification:_identify(.) by extension 'ignore_ament_install'
[0.326s] Level 1:colcon.colcon_core.package_identification:_identify(.) by extensions ['colcon_pkg']
[0.326s] Level 1:colcon.colcon_core.package_identification:_identify(.) by extension 'colcon_pkg'
[0.326s] Level 1:colcon.colcon_core.package_identification:_identify(.) by extensions ['colcon_meta']
[0.326s] Level 1:colcon.colcon_core.package_identification:_identify(.) by extension 'colcon_meta'
[0.326s] Level 1:colcon.colcon_core.package_identification:_identify(.) by extensions ['ros']
[0.326s] Level 1:colcon.colcon_core.package_identification:_identify(.) by extension 'ros'
[0.336s] Level 1:colcon.colcon_core.package_identification:_identify(.) by extensions ['cmake', 'python']
[0.336s] Level 1:colcon.colcon_core.package_identification:_identify(.) by extension 'cmake'
[0.336s] Level 1:colcon.colcon_core.package_identification:_identify(.) by extension 'python'
[0.336s] Level 1:colcon.colcon_core.package_identification:_identify(.) by extensions ['python_setup_py']
[0.336s] Level 1:colcon.colcon_core.package_identification:_identify(.) by extension 'python_setup_py'
[0.336s] Level 1:colcon.colcon_core.package_identification:_identify(build) by extensions ['ignore', 'ignore_ament_install']
[0.336s] Level 1:colcon.colcon_core.package_identification:_identify(build) by extension 'ignore'
[0.337s] Level 1:colcon.colcon_core.package_identification:_identify(build) ignored
[0.337s] Level 1:colcon.colcon_core.package_identification:_identify(install) by extensions ['ignore', 'ignore_ament_install']
[0.337s] Level 1:colcon.colcon_core.package_identification:_identify(install) by extension 'ignore'
[0.337s] Level 1:colcon.colcon_core.package_identification:_identify(install) ignored
[0.337s] Level 1:colcon.colcon_core.package_identification:_identify(log) by extensions ['ignore', 'ignore_ament_install']
[0.337s] Level 1:colcon.colcon_core.package_identification:_identify(log) by extension 'ignore'
[0.337s] Level 1:colcon.colcon_core.package_identification:_identify(log) ignored
[0.337s] Level 1:colcon.colcon_core.package_identification:_identify(qr_code_scanner) by extensions ['ignore', 'ignore_ament_install']
[0.337s] Level 1:colcon.colcon_core.package_identification:_identify(qr_code_scanner) by extension 'ignore'
[0.337s] Level 1:colcon.colcon_core.package_identification:_identify(qr_code_scanner) by extension 'ignore_ament_install'
[0.337s] Level 1:colcon.colcon_core.package_identification:_identify(qr_code_scanner) by extensions ['colcon_pkg']
[0.337s] Level 1:colcon.colcon_core.package_identification:_identify(qr_code_scanner) by extension 'colcon_pkg'
[0.337s] Level 1:colcon.colcon_core.package_identification:_identify(qr_code_scanner) by extensions ['colcon_meta']
[0.337s] Level 1:colcon.colcon_core.package_identification:_identify(qr_code_scanner) by extension 'colcon_meta'
[0.337s] Level 1:colcon.colcon_core.package_identification:_identify(qr_code_scanner) by extensions ['ros']
[0.337s] Level 1:colcon.colcon_core.package_identification:_identify(qr_code_scanner) by extension 'ros'
[0.340s] DEBUG:colcon.colcon_core.package_identification:Package 'qr_code_scanner' with type 'ros.ament_cmake' and name 'qr_code_scanner'
[0.341s] Level 1:colcon.colcon_core.package_identification:_identify(qrc_skandier) by extensions ['ignore', 'ignore_ament_install']
[0.341s] Level 1:colcon.colcon_core.package_identification:_identify(qrc_skandier) by extension 'ignore'
[0.341s] Level 1:colcon.colcon_core.package_identification:_identify(qrc_skandier) by extension 'ignore_ament_install'
[0.341s] Level 1:colcon.colcon_core.package_identification:_identify(qrc_skandier) by extensions ['colcon_pkg']
[0.341s] Level 1:colcon.colcon_core.package_identification:_identify(qrc_skandier) by extension 'colcon_pkg'
[0.341s] Level 1:colcon.colcon_core.package_identification:_identify(qrc_skandier) by extensions ['colcon_meta']
[0.341s] Level 1:colcon.colcon_core.package_identification:_identify(qrc_skandier) by extension 'colcon_meta'
[0.341s] Level 1:colcon.colcon_core.package_identification:_identify(qrc_skandier) by extensions ['ros']
[0.341s] Level 1:colcon.colcon_core.package_identification:_identify(qrc_skandier) by extension 'ros'
[0.341s] DEBUG:colcon.colcon_core.package_identification:Package 'qrc_skandier' with type 'ros.ament_python' and name 'qrc_skandier'
[0.341s] Level 1:colcon.colcon_core.package_discovery:discover_packages(recursive) using defaults
[0.342s] Level 1:colcon.colcon_core.package_discovery:discover_packages(ignore) discover
[0.342s] Level 1:colcon.colcon_core.package_discovery:discover_packages(ignore) using defaults
[0.342s] Level 1:colcon.colcon_core.package_discovery:discover_packages(path) discover
[0.342s] Level 1:colcon.colcon_core.package_discovery:discover_packages(path) using defaults
[0.371s] Level 1:colcon.colcon_core.package_discovery:discover_packages(prefix_path) check parameters
[0.371s] Level 1:colcon.colcon_core.package_discovery:discover_packages(prefix_path) discover
[0.373s] DEBUG:colcon.colcon_installed_package_information.package_discovery:Found 275 installed packages in /opt/ros/humble
[0.374s] Level 1:colcon.colcon_core.package_discovery:discover_packages(prefix_path) using defaults
[0.410s] Level 5:colcon.colcon_core.verb:set package 'qr_code_scanner' build argument 'cmake_args' from command line to 'None'
[0.410s] Level 5:colcon.colcon_core.verb:set package 'qr_code_scanner' build argument 'cmake_target' from command line to 'None'
[0.410s] Level 5:colcon.colcon_core.verb:set package 'qr_code_scanner' build argument 'cmake_target_skip_unavailable' from command line to 'False'
[0.410s] Level 5:colcon.colcon_core.verb:set package 'qr_code_scanner' build argument 'cmake_clean_cache' from command line to 'False'
[0.410s] Level 5:colcon.colcon_core.verb:set package 'qr_code_scanner' build argument 'cmake_clean_first' from command line to 'False'
[0.410s] Level 5:colcon.colcon_core.verb:set package 'qr_code_scanner' build argument 'cmake_force_configure' from command line to 'False'
[0.410s] Level 5:colcon.colcon_core.verb:set package 'qr_code_scanner' build argument 'ament_cmake_args' from command line to 'None'
[0.410s] Level 5:colcon.colcon_core.verb:set package 'qr_code_scanner' build argument 'catkin_cmake_args' from command line to 'None'
[0.410s] Level 5:colcon.colcon_core.verb:set package 'qr_code_scanner' build argument 'catkin_skip_building_tests' from command line to 'False'
[0.410s] DEBUG:colcon.colcon_core.verb:Building package 'qr_code_scanner' with the following arguments: {'ament_cmake_args': None, 'build_base': '/home/neolux/Desktop/neo_qrcode/build/qr_code_scanner', 'catkin_cmake_args': None, 'catkin_skip_building_tests': False, 'cmake_args': None, 'cmake_clean_cache': False, 'cmake_clean_first': False, 'cmake_force_configure': False, 'cmake_target': None, 'cmake_target_skip_unavailable': False, 'install_base': '/home/neolux/Desktop/neo_qrcode/install/qr_code_scanner', 'merge_install': False, 'path': '/home/neolux/Desktop/neo_qrcode/qr_code_scanner', 'symlink_install': False, 'test_result_base': None}
[0.411s] Level 5:colcon.colcon_core.verb:set package 'qrc_skandier' build argument 'cmake_args' from command line to 'None'
[0.411s] Level 5:colcon.colcon_core.verb:set package 'qrc_skandier' build argument 'cmake_target' from command line to 'None'
[0.411s] Level 5:colcon.colcon_core.verb:set package 'qrc_skandier' build argument 'cmake_target_skip_unavailable' from command line to 'False'
[0.411s] Level 5:colcon.colcon_core.verb:set package 'qrc_skandier' build argument 'cmake_clean_cache' from command line to 'False'
[0.411s] Level 5:colcon.colcon_core.verb:set package 'qrc_skandier' build argument 'cmake_clean_first' from command line to 'False'
[0.411s] Level 5:colcon.colcon_core.verb:set package 'qrc_skandier' build argument 'cmake_force_configure' from command line to 'False'
[0.411s] Level 5:colcon.colcon_core.verb:set package 'qrc_skandier' build argument 'ament_cmake_args' from command line to 'None'
[0.411s] Level 5:colcon.colcon_core.verb:set package 'qrc_skandier' build argument 'catkin_cmake_args' from command line to 'None'
[0.411s] Level 5:colcon.colcon_core.verb:set package 'qrc_skandier' build argument 'catkin_skip_building_tests' from command line to 'False'
[0.411s] DEBUG:colcon.colcon_core.verb:Building package 'qrc_skandier' with the following arguments: {'ament_cmake_args': None, 'build_base': '/home/neolux/Desktop/neo_qrcode/build/qrc_skandier', 'catkin_cmake_args': None, 'catkin_skip_building_tests': False, 'cmake_args': None, 'cmake_clean_cache': False, 'cmake_clean_first': False, 'cmake_force_configure': False, 'cmake_target': None, 'cmake_target_skip_unavailable': False, 'install_base': '/home/neolux/Desktop/neo_qrcode/install/qrc_skandier', 'merge_install': False, 'path': '/home/neolux/Desktop/neo_qrcode/qrc_skandier', 'symlink_install': False, 'test_result_base': None}
[0.411s] INFO:colcon.colcon_core.executor:Executing jobs using 'parallel' executor
[0.412s] DEBUG:colcon.colcon_parallel_executor.executor.parallel:run_until_complete
[0.412s] INFO:colcon.colcon_ros.task.ament_cmake.build:Building ROS package in '/home/neolux/Desktop/neo_qrcode/qr_code_scanner' with build type 'ament_cmake'
[0.412s] INFO:colcon.colcon_cmake.task.cmake.build:Building CMake package in '/home/neolux/Desktop/neo_qrcode/qr_code_scanner'
[0.415s] INFO:colcon.colcon_core.plugin_system:Skipping extension 'colcon_core.shell.bat': Not used on non-Windows systems
[0.415s] INFO:colcon.colcon_core.shell:Skip shell extension 'powershell' for command environment: Not usable outside of PowerShell
[0.415s] DEBUG:colcon.colcon_core.shell:Skip shell extension 'dsv' for command environment
[0.417s] INFO:colcon.colcon_ros.task.ament_python.build:Building ROS package in '/home/neolux/Desktop/neo_qrcode/qrc_skandier' with build type 'ament_python'
[0.418s] Level 1:colcon.colcon_core.shell:create_environment_hook('qrc_skandier', 'ament_prefix_path')
[0.418s] INFO:colcon.colcon_core.shell:Creating environment hook '/home/neolux/Desktop/neo_qrcode/install/qrc_skandier/share/qrc_skandier/hook/ament_prefix_path.ps1'
[0.419s] INFO:colcon.colcon_core.shell:Creating environment descriptor '/home/neolux/Desktop/neo_qrcode/install/qrc_skandier/share/qrc_skandier/hook/ament_prefix_path.dsv'
[0.420s] INFO:colcon.colcon_core.shell:Creating environment hook '/home/neolux/Desktop/neo_qrcode/install/qrc_skandier/share/qrc_skandier/hook/ament_prefix_path.sh'
[0.420s] INFO:colcon.colcon_core.shell:Skip shell extension 'powershell' for command environment: Not usable outside of PowerShell
[0.420s] DEBUG:colcon.colcon_core.shell:Skip shell extension 'dsv' for command environment
[0.426s] DEBUG:colcon.colcon_core.event_handler.log_command:Invoking command in '/home/neolux/Desktop/neo_qrcode/build/qr_code_scanner': CMAKE_PREFIX_PATH=/opt/ros/humble /usr/bin/cmake /home/neolux/Desktop/neo_qrcode/qr_code_scanner -DCMAKE_INSTALL_PREFIX=/home/neolux/Desktop/neo_qrcode/install/qr_code_scanner
[0.719s] INFO:colcon.colcon_core.task.python.build:Building Python package in '/home/neolux/Desktop/neo_qrcode/qrc_skandier'
[0.720s] INFO:colcon.colcon_core.shell:Skip shell extension 'powershell' for command environment: Not usable outside of PowerShell
[0.720s] DEBUG:colcon.colcon_core.shell:Skip shell extension 'dsv' for command environment
[1.295s] DEBUG:colcon.colcon_core.event_handler.log_command:Invoking command in '/home/neolux/Desktop/neo_qrcode/qrc_skandier': PYTHONPATH=/home/neolux/Desktop/neo_qrcode/build/qrc_skandier/prefix_override:/usr/lib/python3/dist-packages/colcon_core/task/python/colcon_distutils_commands:/home/neolux/Desktop/neo_qrcode/install/qrc_skandier/lib/python3.10/site-packages:${PYTHONPATH} /usr/bin/python3 -W ignore:setup.py install is deprecated setup.py egg_info --egg-base ../build/qrc_skandier build --build-base /home/neolux/Desktop/neo_qrcode/build/qrc_skandier/build install --record /home/neolux/Desktop/neo_qrcode/build/qrc_skandier/install.log --single-version-externally-managed install_data
[1.605s] DEBUG:colcon.colcon_core.event_handler.log_command:Invoked command in '/home/neolux/Desktop/neo_qrcode/qrc_skandier' returned '0': PYTHONPATH=/home/neolux/Desktop/neo_qrcode/build/qrc_skandier/prefix_override:/usr/lib/python3/dist-packages/colcon_core/task/python/colcon_distutils_commands:/home/neolux/Desktop/neo_qrcode/install/qrc_skandier/lib/python3.10/site-packages:${PYTHONPATH} /usr/bin/python3 -W ignore:setup.py install is deprecated setup.py egg_info --egg-base ../build/qrc_skandier build --build-base /home/neolux/Desktop/neo_qrcode/build/qrc_skandier/build install --record /home/neolux/Desktop/neo_qrcode/build/qrc_skandier/install.log --single-version-externally-managed install_data
[1.607s] Level 1:colcon.colcon_core.environment:checking '/home/neolux/Desktop/neo_qrcode/install/qrc_skandier' for CMake module files
[1.608s] Level 1:colcon.colcon_core.environment:checking '/home/neolux/Desktop/neo_qrcode/install/qrc_skandier' for CMake config files
[1.609s] Level 1:colcon.colcon_core.environment:checking '/home/neolux/Desktop/neo_qrcode/install/qrc_skandier/lib'
[1.609s] Level 1:colcon.colcon_core.environment:checking '/home/neolux/Desktop/neo_qrcode/install/qrc_skandier/bin'
[1.609s] Level 1:colcon.colcon_core.environment:checking '/home/neolux/Desktop/neo_qrcode/install/qrc_skandier/lib/pkgconfig/qrc_skandier.pc'
[1.609s] Level 1:colcon.colcon_core.environment:checking '/home/neolux/Desktop/neo_qrcode/install/qrc_skandier/lib/python3.10/site-packages'
[1.609s] Level 1:colcon.colcon_core.shell:create_environment_hook('qrc_skandier', 'pythonpath')
[1.609s] INFO:colcon.colcon_core.shell:Creating environment hook '/home/neolux/Desktop/neo_qrcode/install/qrc_skandier/share/qrc_skandier/hook/pythonpath.ps1'
[1.610s] INFO:colcon.colcon_core.shell:Creating environment descriptor '/home/neolux/Desktop/neo_qrcode/install/qrc_skandier/share/qrc_skandier/hook/pythonpath.dsv'
[1.610s] INFO:colcon.colcon_core.shell:Creating environment hook '/home/neolux/Desktop/neo_qrcode/install/qrc_skandier/share/qrc_skandier/hook/pythonpath.sh'
[1.610s] Level 1:colcon.colcon_core.environment:checking '/home/neolux/Desktop/neo_qrcode/install/qrc_skandier/bin'
[1.611s] Level 1:colcon.colcon_core.environment:create_environment_scripts_only(qrc_skandier)
[1.611s] INFO:colcon.colcon_core.shell:Creating package script '/home/neolux/Desktop/neo_qrcode/install/qrc_skandier/share/qrc_skandier/package.ps1'
[1.612s] INFO:colcon.colcon_core.shell:Creating package descriptor '/home/neolux/Desktop/neo_qrcode/install/qrc_skandier/share/qrc_skandier/package.dsv'
[1.612s] INFO:colcon.colcon_core.shell:Creating package script '/home/neolux/Desktop/neo_qrcode/install/qrc_skandier/share/qrc_skandier/package.sh'
[1.613s] INFO:colcon.colcon_core.shell:Creating package script '/home/neolux/Desktop/neo_qrcode/install/qrc_skandier/share/qrc_skandier/package.bash'
[1.614s] INFO:colcon.colcon_core.shell:Creating package script '/home/neolux/Desktop/neo_qrcode/install/qrc_skandier/share/qrc_skandier/package.zsh'
[1.614s] Level 1:colcon.colcon_core.environment:create_file_with_runtime_dependencies(/home/neolux/Desktop/neo_qrcode/install/qrc_skandier/share/colcon-core/packages/qrc_skandier)
[1.798s] DEBUG:colcon.colcon_core.event_handler.log_command:Invoked command in '/home/neolux/Desktop/neo_qrcode/build/qr_code_scanner' returned '1': CMAKE_PREFIX_PATH=/opt/ros/humble /usr/bin/cmake /home/neolux/Desktop/neo_qrcode/qr_code_scanner -DCMAKE_INSTALL_PREFIX=/home/neolux/Desktop/neo_qrcode/install/qr_code_scanner
[1.809s] Level 1:colcon.colcon_core.environment:create_environment_scripts_only(qr_code_scanner)
[1.809s] Level 1:colcon.colcon_core.environment:checking '/home/neolux/Desktop/neo_qrcode/install/qr_code_scanner' for CMake module files
[1.810s] Level 1:colcon.colcon_core.environment:checking '/home/neolux/Desktop/neo_qrcode/install/qr_code_scanner' for CMake config files
[1.810s] Level 1:colcon.colcon_core.environment:checking '/home/neolux/Desktop/neo_qrcode/install/qr_code_scanner/bin'
[1.810s] Level 1:colcon.colcon_core.environment:checking '/home/neolux/Desktop/neo_qrcode/install/qr_code_scanner/lib/pkgconfig/qr_code_scanner.pc'
[1.810s] Level 1:colcon.colcon_core.environment:checking '/home/neolux/Desktop/neo_qrcode/install/qr_code_scanner/lib/python3.10/site-packages'
[1.810s] Level 1:colcon.colcon_core.environment:checking '/home/neolux/Desktop/neo_qrcode/install/qr_code_scanner/bin'
[1.810s] INFO:colcon.colcon_core.shell:Creating package script '/home/neolux/Desktop/neo_qrcode/install/qr_code_scanner/share/qr_code_scanner/package.ps1'
[1.811s] INFO:colcon.colcon_core.shell:Creating package descriptor '/home/neolux/Desktop/neo_qrcode/install/qr_code_scanner/share/qr_code_scanner/package.dsv'
[1.811s] INFO:colcon.colcon_core.shell:Creating package script '/home/neolux/Desktop/neo_qrcode/install/qr_code_scanner/share/qr_code_scanner/package.sh'
[1.811s] INFO:colcon.colcon_core.shell:Creating package script '/home/neolux/Desktop/neo_qrcode/install/qr_code_scanner/share/qr_code_scanner/package.bash'
[1.812s] INFO:colcon.colcon_core.shell:Creating package script '/home/neolux/Desktop/neo_qrcode/install/qr_code_scanner/share/qr_code_scanner/package.zsh'
[1.812s] Level 1:colcon.colcon_core.environment:create_file_with_runtime_dependencies(/home/neolux/Desktop/neo_qrcode/install/qr_code_scanner/share/colcon-core/packages/qr_code_scanner)
[1.822s] DEBUG:colcon.colcon_parallel_executor.executor.parallel:closing loop
[1.822s] DEBUG:colcon.colcon_parallel_executor.executor.parallel:loop closed
[1.823s] DEBUG:colcon.colcon_parallel_executor.executor.parallel:run_until_complete finished with '1'
[1.823s] DEBUG:colcon.colcon_core.event_reactor:joining thread
[1.829s] INFO:colcon.colcon_core.plugin_system:Skipping extension 'colcon_notification.desktop_notification.terminal_notifier': Not used on non-Darwin systems
[1.829s] INFO:colcon.colcon_core.plugin_system:Skipping extension 'colcon_notification.desktop_notification.win32': Not used on non-Windows systems
[1.829s] INFO:colcon.colcon_notification.desktop_notification:Sending desktop notification using 'notify2'
[1.843s] DEBUG:colcon.colcon_core.event_reactor:joined thread
[1.844s] INFO:colcon.colcon_core.shell:Creating prefix script '/home/neolux/Desktop/neo_qrcode/install/local_setup.ps1'
[1.845s] INFO:colcon.colcon_core.shell:Creating prefix util module '/home/neolux/Desktop/neo_qrcode/install/_local_setup_util_ps1.py'
[1.846s] INFO:colcon.colcon_core.shell:Creating prefix chain script '/home/neolux/Desktop/neo_qrcode/install/setup.ps1'
[1.847s] INFO:colcon.colcon_core.shell:Creating prefix script '/home/neolux/Desktop/neo_qrcode/install/local_setup.sh'
[1.847s] INFO:colcon.colcon_core.shell:Creating prefix util module '/home/neolux/Desktop/neo_qrcode/install/_local_setup_util_sh.py'
[1.848s] INFO:colcon.colcon_core.shell:Creating prefix chain script '/home/neolux/Desktop/neo_qrcode/install/setup.sh'
[1.849s] INFO:colcon.colcon_core.shell:Creating prefix script '/home/neolux/Desktop/neo_qrcode/install/local_setup.bash'
[1.849s] INFO:colcon.colcon_core.shell:Creating prefix chain script '/home/neolux/Desktop/neo_qrcode/install/setup.bash'
[1.850s] INFO:colcon.colcon_core.shell:Creating prefix script '/home/neolux/Desktop/neo_qrcode/install/local_setup.zsh'
[1.851s] INFO:colcon.colcon_core.shell:Creating prefix chain script '/home/neolux/Desktop/neo_qrcode/install/setup.zsh'
