[0.013s] Invoking command in '/home/neolux/Desktop/neo_qrcode/build/qr_code_scanner': CMAKE_PREFIX_PATH=/opt/ros/humble /usr/bin/cmake /home/neolux/Desktop/neo_qrcode/qr_code_scanner -DCMAKE_INSTALL_PREFIX=/home/neolux/Desktop/neo_qrcode/install/qr_code_scanner
[0.174s] -- The C compiler identification is GNU 11.4.0
[0.310s] -- The CXX compiler identification is GNU 11.4.0
[0.323s] -- Detecting C compiler ABI info
[0.396s] -- Detecting C compiler ABI info - done
[0.407s] -- Check for working C compiler: /usr/bin/cc - skipped
[0.408s] -- Detecting C compile features
[0.409s] -- Detecting C compile features - done
[0.414s] -- Detecting CXX compiler ABI info
[0.504s] -- Detecting CXX compiler ABI info - done
[0.515s] -- Check for working CXX compiler: /usr/bin/c++ - skipped
[0.516s] -- Detecting CXX compile features
[0.516s] -- Detecting CXX compile features - done
[0.520s] -- Found ament_cmake: 1.3.10 (/opt/ros/humble/share/ament_cmake/cmake)
[0.681s] -- Found Python3: /usr/bin/python3 (found version "3.10.12") found components: Interpreter 
[0.764s] -- Found rclcpp: 16.0.10 (/opt/ros/humble/share/rclcpp/cmake)
[0.809s] -- Found rosidl_generator_c: 3.1.5 (/opt/ros/humble/share/rosidl_generator_c/cmake)
[0.815s] -- Found rosidl_adapter: 3.1.5 (/opt/ros/humble/share/rosidl_adapter/cmake)
[0.825s] -- Found rosidl_generator_cpp: 3.1.5 (/opt/ros/humble/share/rosidl_generator_cpp/cmake)
[0.840s] -- Using all available rosidl_typesupport_c: rosidl_typesupport_fastrtps_c;rosidl_typesupport_introspection_c
[0.859s] -- Using all available rosidl_typesupport_cpp: rosidl_typesupport_fastrtps_cpp;rosidl_typesupport_introspection_cpp
[0.913s] -- Found rmw_implementation_cmake: 6.1.2 (/opt/ros/humble/share/rmw_implementation_cmake/cmake)
[0.916s] -- Found rmw_fastrtps_cpp: 6.2.7 (/opt/ros/humble/share/rmw_fastrtps_cpp/cmake)
[0.999s] -- Found OpenSSL: /usr/lib/x86_64-linux-gnu/libcrypto.so (found version "3.0.2")  
[1.022s] -- Found FastRTPS: /opt/ros/humble/include  
[1.053s] -- Using RMW implementation 'rmw_fastrtps_cpp' as default
[1.063s] -- Looking for pthread.h
[1.136s] -- Looking for pthread.h - found
[1.137s] -- Performing Test CMAKE_HAVE_LIBC_PTHREAD
[1.212s] -- Performing Test CMAKE_HAVE_LIBC_PTHREAD - Success
[1.213s] -- Found Threads: TRUE  
[1.291s] -- Found sensor_msgs: 4.2.4 (/opt/ros/humble/share/sensor_msgs/cmake)
[1.331s] -- Found cv_bridge: 3.2.1 (/opt/ros/humble/share/cv_bridge/cmake)
[1.345s] -- Found image_transport: 3.1.9 (/opt/ros/humble/share/image_transport/cmake)
[1.377s] [31mCMake Error at CMakeLists.txt:14 (find_package):
[1.377s]   By not providing "Findzbar.cmake" in CMAKE_MODULE_PATH this project has
[1.377s]   asked CMake to find a package configuration file provided by "zbar", but
[1.377s]   CMake did not find one.
[1.377s] 
[1.377s]   Could not find a package configuration file provided by "zbar" with any of
[1.377s]   the following names:
[1.377s] 
[1.378s]     zbarConfig.cmake
[1.378s]     zbar-config.cmake
[1.378s] 
[1.378s]   Add the installation prefix of "zbar" to CMAKE_PREFIX_PATH or set
[1.378s]   "zbar_DIR" to a directory containing one of the above files.  If "zbar"
[1.378s]   provides a separate development package or SDK, be sure it has been
[1.378s]   installed.
[1.378s] 
[1.378s] [0m
[1.378s] -- Configuring incomplete, errors occurred!
[1.378s] See also "/home/neolux/Desktop/neo_qrcode/build/qr_code_scanner/CMakeFiles/CMakeOutput.log".
[1.385s] Invoked command in '/home/neolux/Desktop/neo_qrcode/build/qr_code_scanner' returned '1': CMAKE_PREFIX_PATH=/opt/ros/humble /usr/bin/cmake /home/neolux/Desktop/neo_qrcode/qr_code_scanner -DCMAKE_INSTALL_PREFIX=/home/neolux/Desktop/neo_qrcode/install/qr_code_scanner
